21:53:20:642 [ALWAYS]	GUDE Logging Started
21:53:20:643 [INFO]	SqliteResumeCache::SqliteResumeCache basedirectory is null/empty
21:53:20:643 [ERROR]	SqliteResumeCache::CreateSqliteResumeCache creating resume cache pointer failure
21:53:20:643 [ERROR]	Initialize resume cache pointer failure
21:53:20:643 [INFO]	gude policy POLICY_USER limit (2,2,1) chunk 2097152, chunking (UL 0 DL 1), resXfer 1, adapt 0, NSURL 0, timeout 86400 
21:53:20:643 [INFO]	Initialized -- gude-lib version: v0.12.1 app: gude
21:53:23:833 [WARN]	Ignoring attempt to reinit logging to \gude at level 4 retaining 3 days of logs
21:53:23:834 [INFO]	SqliteResumeCache::SqliteResumeCache basedirectory is null/empty
21:53:23:834 [ERROR]	SqliteResumeCache::CreateSqliteResumeCache creating resume cache pointer failure
21:53:23:834 [ERROR]	Initialize resume cache pointer failure
21:53:23:834 [INFO]	gude policy POLICY_USER limit (4,4,1) chunk 2097152, chunking (UL 0 DL 1), resXfer 1, adapt 0, NSURL 1, timeout 86400 
21:53:23:834 [INFO]	Initialized -- gude-lib version: v0.12.1 app: gude
21:59:51:593 [ALWAYS]	GUDE Logging Started
21:59:51:594 [INFO]	SqliteResumeCache::SqliteResumeCache basedirectory is null/empty
21:59:51:594 [ERROR]	SqliteResumeCache::CreateSqliteResumeCache creating resume cache pointer failure
21:59:51:594 [ERROR]	Initialize resume cache pointer failure
21:59:51:594 [INFO]	gude policy POLICY_USER limit (2,2,1) chunk 2097152, chunking (UL 0 DL 1), resXfer 1, adapt 0, NSURL 0, timeout 86400 
21:59:51:594 [INFO]	Initialized -- gude-lib version: v0.12.1 app: gude
22:00:17:224 [WARN]	Ignoring attempt to reinit logging to \gude at level 4 retaining 3 days of logs
22:00:17:224 [INFO]	SqliteResumeCache::SqliteResumeCache basedirectory is null/empty
22:00:17:224 [ERROR]	SqliteResumeCache::CreateSqliteResumeCache creating resume cache pointer failure
22:00:17:224 [ERROR]	Initialize resume cache pointer failure
22:00:17:224 [INFO]	gude policy POLICY_USER limit (4,4,1) chunk 2097152, chunking (UL 0 DL 1), resXfer 1, adapt 0, NSURL 1, timeout 86400 
22:00:17:224 [INFO]	Initialized -- gude-lib version: v0.12.1 app: gude
22:05:07:321 [ALWAYS]	GUDE Logging Started
22:05:07:321 [INFO]	SqliteResumeCache::SqliteResumeCache basedirectory is null/empty
22:05:07:321 [ERROR]	SqliteResumeCache::CreateSqliteResumeCache creating resume cache pointer failure
22:05:07:321 [ERROR]	Initialize resume cache pointer failure
22:05:07:321 [INFO]	gude policy POLICY_USER limit (2,2,1) chunk 2097152, chunking (UL 0 DL 1), resXfer 1, adapt 0, NSURL 0, timeout 86400 
22:05:07:321 [INFO]	Initialized -- gude-lib version: v0.12.1 app: gude
22:05:09:658 [WARN]	Ignoring attempt to reinit logging to \gude at level 4 retaining 3 days of logs
22:05:09:658 [INFO]	SqliteResumeCache::SqliteResumeCache basedirectory is null/empty
22:05:09:658 [ERROR]	SqliteResumeCache::CreateSqliteResumeCache creating resume cache pointer failure
22:05:09:658 [ERROR]	Initialize resume cache pointer failure
22:05:09:658 [INFO]	gude policy POLICY_USER limit (4,4,1) chunk 2097152, chunking (UL 0 DL 1), resXfer 1, adapt 0, NSURL 1, timeout 86400 
22:05:09:658 [INFO]	Initialized -- gude-lib version: v0.12.1 app: gude
